<?xml version="1.0" encoding="UTF-8"?>
<testsuite xmlns:xsi="http://www.w3.org/2001/XMLSchema-instance" xsi:noNamespaceSchemaLocation="https://maven.apache.org/surefire/maven-surefire-plugin/xsd/surefire-test-report.xsd" name="com.screesh.model.FilmFestivalTest" time="0.005" tests="4" errors="0" skipped="0" failures="0">
  <properties>
[...]
</properties>
  <testcase name="addScreening_singleScreening" classname="com.screesh.model.FilmFestivalTest" time="0.001"/>
  <testcase name="addMovie" classname="com.screesh.model.FilmFestivalTest" time="0"/>
  <testcase name="addScreening_screeningList" classname="com.screesh.model.FilmFestivalTest" time="0.002"/>
  <testcase name="setCinemas" classname="com.screesh.model.FilmFestivalTest" time="0.001"/>
</testsuite>